<?xml version="1.0" encoding="UTF-8"?>
<!-- Generated by org.testng.reporters.JUnitReportReporter -->
<testsuite hostname="DESKTOP-9C5438O" failures="0" tests="1" name="com.SDET27.AutoDesk.CreateContact" time="23.778" errors="0" timestamp="2021-12-28T13:29:05 IST" skipped="0">
  <testcase classname="com.SDET27.AutoDesk.CreateContact" name="CreateContacts" time="23.778"/>
  <system-out/>
</testsuite> <!-- com.SDET27.AutoDesk.CreateContact -->
