<?xml version="1.0" encoding="UTF-8"?>
<!-- Generated by org.testng.reporters.JUnitReportReporter -->
<testsuite hostname="DESKTOP-9C5438O" failures="0" tests="5" name="com.crm.practice.Day01TestNGAssignment" time="0.032" errors="0" timestamp="2021-12-26T20:43:15 IST" skipped="0">
  <testcase classname="com.crm.practice.Day01TestNGAssignment" name="readDataFromProviderTest" time="0.002"/>
  <system-out/>
  <testcase classname="com.crm.practice.Day01TestNGAssignment" name="readDataFromProviderTest" time="0.003"/>
  <system-out/>
  <testcase classname="com.crm.practice.Day01TestNGAssignment" name="readDataFromProviderTest" time="0.013"/>
  <system-out/>
  <testcase classname="com.crm.practice.Day01TestNGAssignment" name="readDataFromProviderTest" time="0.004"/>
  <system-out/>
  <testcase classname="com.crm.practice.Day01TestNGAssignment" name="readDataFromProviderTest" time="0.010"/>
  <system-out/>
</testsuite> <!-- com.crm.practice.Day01TestNGAssignment -->
