<?xml version="1.0" encoding="UTF-8"?>
<!-- Generated by org.testng.reporters.JUnitReportReporter -->
<testsuite hostname="DESKTOP-9C5438O" failures="0" tests="3" name="com.crm.practice.DataProviderPracticeTest" time="0.018" errors="0" timestamp="2021-12-24T10:14:20 IST" skipped="0">
  <testcase classname="com.crm.practice.DataProviderPracticeTest" name="readDataFromProviderTest" time="0.004"/>
  <system-out/>
  <testcase classname="com.crm.practice.DataProviderPracticeTest" name="readDataFromProviderTest" time="0.003"/>
  <system-out/>
  <testcase classname="com.crm.practice.DataProviderPracticeTest" name="readDataFromProviderTest" time="0.011"/>
  <system-out/>
</testsuite> <!-- com.crm.practice.DataProviderPracticeTest -->
